[0m20:20:28.021612 [debug] [MainThread]: Sending event: {'category': 'dbt', 'action': 'invocation', 'label': 'start', 'context': [<snowplow_tracker.self_describing_json.SelfDescribingJson object at 0x000001FDFBC70AD0>, <snowplow_tracker.self_describing_json.SelfDescribingJson object at 0x000001FDFDBBBED0>, <snowplow_tracker.self_describing_json.SelfDescribingJson object at 0x000001FDFDBBBB10>]}


============================== 20:20:28.097883 | e2785755-adb5-4f68-b77f-0d55d8b223b7 ==============================
[0m20:20:28.097883 [info ] [MainThread]: Running with dbt=1.11.3
[0m20:20:28.100493 [debug] [MainThread]: running dbt with arguments {'static_parser': 'True', 'no_print': 'None', 'version_check': 'True', 'warn_error_options': 'WarnErrorOptionsV2(error=[], warn=[], silence=[])', 'target_path': 'None', 'printer_width': '80', 'write_json': 'True', 'introspect': 'True', 'log_cache_events': 'False', 'empty': 'None', 'cache_selected_only': 'False', 'fail_fast': 'False', 'debug': 'False', 'log_format': 'default', 'partial_parse': 'True', 'send_anonymous_usage_stats': 'True', 'quiet': 'False', 'warn_error': 'None', 'profiles_dir': 'C:\\Users\\gsvim\\.dbt', 'invocation_command': 'dbt init', 'indirect_selection': 'eager', 'use_colors': 'True', 'use_experimental_parser': 'False', 'log_path': 'logs'}
[0m20:20:49.327190 [debug] [MainThread]: Starter project path: C:\Users\gsvim\workspace\projeto-dbt-aws\.venv\Lib\site-packages\dbt\include\starter_project
[0m20:20:49.379263 [info ] [MainThread]: 
Your new dbt project "climabr" was created!

For more information on how to configure the profiles.yml file,
please consult the dbt documentation here:

  https://docs.getdbt.com/docs/configure-your-profile

One more thing:

Need help? Don't hesitate to reach out to us via GitHub issues or on Slack:

  https://community.getdbt.com/

Happy modeling!

[0m20:20:49.380431 [info ] [MainThread]: Setting up your profile.
[0m20:27:11.539260 [info ] [MainThread]: Profile climabr written to C:\Users\gsvim\.dbt\profiles.yml using target's profile_template.yml and your supplied values. Run 'dbt debug' to validate the connection.
[0m20:27:11.544475 [debug] [MainThread]: Command `dbt init` succeeded at 20:27:11.543889 after 403.89 seconds
[0m20:27:11.546351 [debug] [MainThread]: Sending event: {'category': 'dbt', 'action': 'invocation', 'label': 'end', 'context': [<snowplow_tracker.self_describing_json.SelfDescribingJson object at 0x000001FDFE6FB950>, <snowplow_tracker.self_describing_json.SelfDescribingJson object at 0x000001FDFDC65910>, <snowplow_tracker.self_describing_json.SelfDescribingJson object at 0x000001FDFDC2A7A0>]}
[0m20:27:11.547705 [debug] [MainThread]: Flushing usage events
[0m20:27:13.013656 [debug] [MainThread]: An error was encountered while trying to flush usage events
[0m20:28:28.264127 [debug] [MainThread]: Sending event: {'category': 'dbt', 'action': 'invocation', 'label': 'start', 'context': [<snowplow_tracker.self_describing_json.SelfDescribingJson object at 0x000002122F574AD0>, <snowplow_tracker.self_describing_json.SelfDescribingJson object at 0x00000212314BBED0>, <snowplow_tracker.self_describing_json.SelfDescribingJson object at 0x00000212314BBB10>]}


============================== 20:28:28.273066 | 6f1f4299-3afa-4844-b456-4cefa5461d01 ==============================
[0m20:28:28.273066 [info ] [MainThread]: Running with dbt=1.11.3
[0m20:28:28.274634 [debug] [MainThread]: running dbt with arguments {'static_parser': 'True', 'no_print': 'None', 'version_check': 'True', 'target_path': 'None', 'warn_error_options': 'WarnErrorOptionsV2(error=[], warn=[], silence=[])', 'printer_width': '80', 'write_json': 'True', 'introspect': 'True', 'log_cache_events': 'False', 'empty': 'None', 'cache_selected_only': 'False', 'fail_fast': 'False', 'debug': 'False', 'log_format': 'default', 'partial_parse': 'True', 'send_anonymous_usage_stats': 'True', 'quiet': 'False', 'warn_error': 'None', 'profiles_dir': 'C:\\Users\\gsvim\\.dbt', 'invocation_command': 'dbt debug', 'indirect_selection': 'eager', 'use_colors': 'True', 'use_experimental_parser': 'False', 'log_path': 'logs'}
[0m20:28:28.342106 [info ] [MainThread]: dbt version: 1.11.3
[0m20:28:28.349630 [info ] [MainThread]: python version: 3.13.9
[0m20:28:28.350351 [info ] [MainThread]: python path: C:\Users\gsvim\workspace\projeto-dbt-aws\.venv\Scripts\python.exe
[0m20:28:28.350845 [info ] [MainThread]: os info: Windows-11-10.0.26200-SP0
[0m20:28:29.110040 [info ] [MainThread]: Error importing adapter: No module named 'dbt.adapters.postgres'
[0m20:28:29.111391 [info ] [MainThread]: Using profiles dir at C:\Users\gsvim\.dbt
[0m20:28:29.111907 [info ] [MainThread]: Using profiles.yml file at C:\Users\gsvim\.dbt\profiles.yml
[0m20:28:29.112346 [info ] [MainThread]: Using dbt_project.yml file at C:\Users\gsvim\workspace\projeto-dbt-aws\dbt_project.yml
[0m20:28:29.112828 [info ] [MainThread]: Configuration:
[0m20:28:29.113239 [info ] [MainThread]:   profiles.yml file [[31mERROR invalid[0m]
[0m20:28:29.113618 [info ] [MainThread]:   dbt_project.yml file [[31mERROR not found[0m]
[0m20:28:29.113985 [info ] [MainThread]: Required dependencies:
[0m20:28:29.114375 [debug] [MainThread]: Executing "git --help"
[0m20:28:29.199252 [debug] [MainThread]: STDOUT: "b"usage: git [-v | --version] [-h | --help] [-C <path>] [-c <name>=<value>]\n           [--exec-path[=<path>]] [--html-path] [--man-path] [--info-path]\n           [-p | --paginate | -P | --no-pager] [--no-replace-objects] [--no-lazy-fetch]\n           [--no-optional-locks] [--no-advice] [--bare] [--git-dir=<path>]\n           [--work-tree=<path>] [--namespace=<name>] [--config-env=<name>=<envvar>]\n           <command> [<args>]\n\nThese are common Git commands used in various situations:\n\nstart a working area (see also: git help tutorial)\n   clone      Clone a repository into a new directory\n   init       Create an empty Git repository or reinitialize an existing one\n\nwork on the current change (see also: git help everyday)\n   add        Add file contents to the index\n   mv         Move or rename a file, a directory, or a symlink\n   restore    Restore working tree files\n   rm         Remove files from the working tree and from the index\n\nexamine the history and state (see also: git help revisions)\n   bisect     Use binary search to find the commit that introduced a bug\n   diff       Show changes between commits, commit and working tree, etc\n   grep       Print lines matching a pattern\n   log        Show commit logs\n   show       Show various types of objects\n   status     Show the working tree status\n\ngrow, mark and tweak your common history\n   backfill   Download missing objects in a partial clone\n   branch     List, create, or delete branches\n   commit     Record changes to the repository\n   merge      Join two or more development histories together\n   rebase     Reapply commits on top of another base tip\n   reset      Reset current HEAD to the specified state\n   switch     Switch branches\n   tag        Create, list, delete or verify a tag object signed with GPG\n\ncollaborate (see also: git help workflows)\n   fetch      Download objects and refs from another repository\n   pull       Fetch from and integrate with another repository or a local branch\n   push       Update remote refs along with associated objects\n\n'git help -a' and 'git help -g' list available subcommands and some\nconcept guides. See 'git help <command>' or 'git help <concept>'\nto read about a specific subcommand or concept.\nSee 'git help git' for an overview of the system.\n""
[0m20:28:29.199857 [debug] [MainThread]: STDERR: "b''"
[0m20:28:29.200373 [info ] [MainThread]:  - git [[32mOK found[0m]

[0m20:28:29.201047 [info ] [MainThread]: Connection test skipped since no profile was found
[0m20:28:29.201764 [info ] [MainThread]: [31m2 checks failed:[0m
[0m20:28:29.202328 [info ] [MainThread]: Could not load dbt_project.yml
Profile loading failed for the following reason:
Runtime Error
  Credentials in profile "shoesbr", target "dev" invalid: Runtime Error
    Could not find adapter type postgres!


[0m20:28:29.202912 [info ] [MainThread]: Project loading failed for the following reason:
 project path <C:\Users\gsvim\workspace\projeto-dbt-aws\dbt_project.yml> not found

[0m20:28:29.205106 [debug] [MainThread]: Command `dbt debug` failed at 20:28:29.204388 after 1.34 seconds
[0m20:28:29.205819 [debug] [MainThread]: Sending event: {'category': 'dbt', 'action': 'invocation', 'label': 'end', 'context': [<snowplow_tracker.self_describing_json.SelfDescribingJson object at 0x0000021232604FC0>, <snowplow_tracker.self_describing_json.SelfDescribingJson object at 0x00000212325FA210>, <snowplow_tracker.self_describing_json.SelfDescribingJson object at 0x00000212324E0380>]}
[0m20:28:29.206669 [debug] [MainThread]: Flushing usage events
[0m20:28:30.479207 [debug] [MainThread]: An error was encountered while trying to flush usage events
